[2025-07-23T18:36:39.168Z] UncaughtException: {}
[2025-07-23T18:36:39.188Z] ✅ Connected to MySQL database.
[2025-07-23T18:38:35.925Z] ℹ️ [INFO] 📅 Scheduler started successfully (currently set to run every hour).
[2025-07-23T18:38:35.928Z] Server is running on port 5001
[2025-07-23T18:38:35.938Z] ✅ Connected to MySQL database.
[2025-07-23T18:50:15.952Z] Login request received: {"email":"jeffrey@example.com","password":"password123"}
[2025-07-23T18:50:55.416Z] [guestSession] Setting session for guestId=1
[2025-07-23T18:51:37.822Z] [guestSession] Setting session for guestId=24
[2025-07-23T18:51:52.269Z] [guestSession] Setting session for guestId=24
[2025-07-23T18:52:40.519Z] [PUBLIC PAGE] slug="test-page" locale="en" guestId=24
[2025-07-23T18:52:49.224Z] [PUBLIC PAGE] slug="guests" locale="en" guestId=24
[2025-07-23T18:52:49.228Z] [PUBLIC PAGE] ✅ Served page "guests" (en)
[2025-07-23T18:54:07.929Z] Login request received: {"email":"jeffrey@example.com","password":"password123"}
[2025-07-23T18:54:17.609Z] [GET /api/pages] Fetching all pages...
[2025-07-23T18:54:17.610Z] [GET /api/pages] Pages fetched: [{"id":2,"slug":"guests","is_published":1,"requires_rsvp":1,"show_in_nav":1,"nav_order":1,"created_at":"2025-07-19T11:22:24.000Z","updated_at":"2025-07-20T21:23:33.000Z","deleted_at":null},{"id":1,"slug":"our-story","is_published":0,"requires_rsvp":0,"show_in_nav":0,"nav_order":1,"created_at":"2025-07-18T23:18:45.000Z","updated_at":"2025-07-19T11:21:46.000Z","deleted_at":null}]
[2025-07-23T18:54:50.159Z] [PUBLIC PAGE] slug="our-story" locale="en" guestId=none
[2025-07-23T18:55:06.286Z] [PUBLIC PAGE] slug="guests" locale="en" guestId=none
[2025-07-23T18:55:31.834Z] [guestSession] Setting session for guestId=3
[2025-07-23T18:55:38.879Z] [PUBLIC PAGE] slug="guests" locale="en" guestId=3
[2025-07-23T18:55:38.880Z] [PUBLIC PAGE] ✅ Served page "guests" (en)
[2025-07-23T18:58:17.131Z] [PUBLIC PAGE] slug="guests" locale="en" guestId=none
[2025-07-23T19:00:00.533Z] ℹ️ [INFO] ⏰ Scheduler triggered: Checking for scheduled messages...
[2025-07-23T19:00:00.534Z] ℹ️ [INFO] 📨 Starting scheduled message check...
[2025-07-23T19:00:00.537Z] ℹ️ [INFO] ✅ Scheduled message check completed.
[2025-07-23T19:00:00.537Z] ℹ️ [INFO] ✅ No scheduled messages ready to send.
[2025-07-23T19:02:44.837Z] ℹ️ [INFO] 📅 Scheduler started successfully (currently set to run every hour).
[2025-07-23T19:02:44.840Z] Server is running on port 5001
[2025-07-23T19:02:44.852Z] ✅ Connected to MySQL database.
[2025-07-23T19:02:48.728Z] [PUBLIC PAGE] slug="guests" locale="en" guestId=none
[2025-07-23T19:03:00.757Z] [guestSession] Setting session for guestId=3
[2025-07-23T19:03:04.794Z] [PUBLIC PAGE] slug="guests" locale="en" guestId=3
[2025-07-23T19:03:16.275Z] req.body → {"code":"{{code}}","attending":true,"dietary":"","notes":"","plus_one_name":"","plus_one_dietary":""}
[2025-07-23T19:03:49.039Z] req.body → {"code":"877vxkyg","attending":true,"dietary":"","notes":"","plus_one_name":"","plus_one_dietary":""}
[2025-07-23T19:03:49.041Z] ℹ️ [INFO] RSVP PUBLIC UPDATE: code=877vxkyg {"attending":true,"rsvp_status":"attending","plus_one_name":"","dietary":null,"notes":null}
[2025-07-23T19:03:49.066Z] ❌ [ERROR] Failed to load RSVP Confirmation template
[2025-07-23T19:03:52.809Z] [PUBLIC PAGE] slug="guests" locale="en" guestId=3
[2025-07-23T19:03:52.812Z] [PUBLIC PAGE] ✅ Served page "guests" (en)
